<?xml version="1.0" encoding="UTF-8"?>
<!-- Generated by org.testng.reporters.JUnitReportReporter -->
<testsuite skipped="0" hostname="mahbub-VirtualBox" name="com.tt.testrunner.Testrunner" tests="1" failures="0" timestamp="19 Dec 2018 23:30:48 GMT" time="0.045" errors="0">
  <testcase name="feature" time="0.045" classname="com.tt.testrunner.Testrunner"/>
</testsuite> <!-- com.tt.testrunner.Testrunner -->
